2026-05-16 22:27:30 [INFO] BobCode Web UI → http://localhost:3000
2026-05-16 22:27:30 [INFO] dir: /home/4l3x/Documents/Hackathon/2026/BobCode
2026-05-16 22:27:30 [WARN] No API key — running in mock mode
2026-05-16 22:30:13 [INFO] BobCode Web UI → http://localhost:3000
2026-05-16 22:30:13 [INFO] dir: /home/4l3x/Documents/Hackathon/2026/BobCode
2026-05-16 22:30:13 [WARN] No API key — running in mock mode
2026-05-16 22:30:23 [INFO] GET /api/status 200 5ms
2026-05-16 22:30:23 [INFO] GET /favicon.ico 404 3ms
2026-05-16 22:35:23 [INFO] Shutting down...
2026-05-16 22:36:37 [INFO] BobCode Web UI → http://localhost:3000
2026-05-16 22:36:37 [INFO] dir: /home/4l3x/Documents/Hackathon/2026/BobCode
2026-05-16 22:36:37 [WARN] No API key — running in mock mode
2026-05-16 23:00:16 [INFO] BobCode Web UI → http://localhost:3000
2026-05-16 23:00:16 [INFO] dir: /home/4l3x/Documents/Hackathon/2026/BobCode
2026-05-16 23:00:16 [WARN] No API key — running in mock mode
2026-05-16 23:00:18 [INFO] GET /api/status 200 5ms
2026-05-16 23:00:18 [INFO] GET /favicon.ico 404 2ms
2026-05-16 23:00:36 [INFO] Credentials set — mode switched to api
2026-05-16 23:00:36 [INFO] POST /api/config 200 4ms
2026-05-16 23:00:36 [INFO] GET /api/status 200 2ms
2026-05-16 23:00:40 [INFO] Thinking...
2026-05-16 23:00:40 [INFO] Plan: list_files → . [code]
2026-05-16 23:00:40 [INFO] Executing tool: list_files on "."
2026-05-16 23:00:40 [WARN] No API key configured, using mock responses
2026-05-16 23:00:40 [INFO] Execution complete — response length: 31 chars
2026-05-16 23:00:40 [INFO] POST /api/chat 200 27ms
2026-05-16 23:00:45 [INFO] Thinking...
2026-05-16 23:00:45 [INFO] Plan: list_files → . [code]
2026-05-16 23:00:45 [INFO] Executing tool: list_files on "."
2026-05-16 23:00:45 [WARN] No API key configured, using mock responses
2026-05-16 23:00:45 [INFO] Execution complete — response length: 31 chars
2026-05-16 23:00:45 [INFO] POST /api/chat 200 11ms
2026-05-16 23:00:51 [INFO] GET /api/status 200 3ms
2026-05-16 23:00:51 [INFO] GET /favicon.ico 404 1ms
2026-05-16 23:00:52 [INFO] GET /api/status 200 0ms
2026-05-16 23:00:52 [INFO] GET /favicon.ico 404 0ms
2026-05-16 23:00:56 [INFO] Shutting down...
2026-05-16 23:28:05 [INFO] BobCode Web UI → http://localhost:3000
2026-05-16 23:28:05 [INFO] dir: /home/4l3x/Documents/Hackathon/2026/BobCode
2026-05-16 23:28:05 [WARN] No API key — running in mock mode
2026-05-16 23:28:08 [INFO] GET /api/status 200 7ms
2026-05-16 23:28:08 [INFO] GET /favicon.ico 404 2ms
2026-05-16 23:28:47 [INFO] Shutting down...
2026-05-16 23:50:15 [INFO] BobCode Web UI → http://localhost:3000
2026-05-16 23:50:15 [INFO] dir: /home/4l3x/Documents/Hackathon/2026/BobCode
2026-05-16 23:50:15 [WARN] No API key — running in mock mode
2026-05-16 23:50:18 [INFO] GET /api/status 200 3ms
2026-05-16 23:50:18 [INFO] GET /favicon.ico 404 2ms
2026-05-16 23:50:28 [INFO] GET /api/status 200 1ms
2026-05-16 23:50:28 [INFO] GET /favicon.ico 404 3ms
2026-05-16 23:50:31 [INFO] Shutting down...
